<?xml version="1.0" encoding="UTF-8"?>
<testsuite xmlns:xsi="http://www.w3.org/2001/XMLSchema-instance" xsi:noNamespaceSchemaLocation="https://maven.apache.org/surefire/maven-surefire-plugin/xsd/surefire-test-report-3.0.xsd" version="3.0" name="TestSuite" time="56.72" tests="1" errors="0" skipped="0" failures="0">
  <properties>
    <property name="sun.desktop" value="windows"/>
    <property name="awt.toolkit" value="sun.awt.windows.WToolkit"/>
    <property name="java.specification.version" value="11"/>
    <property name="webdriver.chrome.driver" value="C:\Users\capduyvuong\IdeaProjects\AmazonShopping/src/resources/drivers/windows/chromedriver.exe"/>
    <property name="sun.cpu.isalist" value="amd64"/>
    <property name="sun.jnu.encoding" value="Cp1252"/>
    <property name="java.class.path" value="C:\Users\capduyvuong\IdeaProjects\AmazonShopping\target\test-classes;C:\Users\capduyvuong\IdeaProjects\AmazonShopping\target\classes;C:\Users\capduyvuong\.m2\repository\io\rest-assured\rest-assured\4.3.0\rest-assured-4.3.0.jar;C:\Users\capduyvuong\.m2\repository\org\codehaus\groovy\groovy\3.0.2\groovy-3.0.2.jar;C:\Users\capduyvuong\.m2\repository\org\codehaus\groovy\groovy-xml\3.0.2\groovy-xml-3.0.2.jar;C:\Users\capduyvuong\.m2\repository\org\apache\httpcomponents\httpclient\4.5.3\httpclient-4.5.3.jar;C:\Users\capduyvuong\.m2\repository\org\apache\httpcomponents\httpcore\4.4.6\httpcore-4.4.6.jar;C:\Users\capduyvuong\.m2\repository\commons-logging\commons-logging\1.2\commons-logging-1.2.jar;C:\Users\capduyvuong\.m2\repository\commons-codec\commons-codec\1.9\commons-codec-1.9.jar;C:\Users\capduyvuong\.m2\repository\org\apache\httpcomponents\httpmime\4.5.3\httpmime-4.5.3.jar;C:\Users\capduyvuong\.m2\repository\org\hamcrest\hamcrest\2.1\hamcrest-2.1.jar;C:\Users\capduyvuong\.m2\repository\org\ccil\cowan\tagsoup\tagsoup\1.2.1\tagsoup-1.2.1.jar;C:\Users\capduyvuong\.m2\repository\io\rest-assured\json-path\4.3.0\json-path-4.3.0.jar;C:\Users\capduyvuong\.m2\repository\org\codehaus\groovy\groovy-json\3.0.2\groovy-json-3.0.2.jar;C:\Users\capduyvuong\.m2\repository\io\rest-assured\rest-assured-common\4.3.0\rest-assured-common-4.3.0.jar;C:\Users\capduyvuong\.m2\repository\io\rest-assured\xml-path\4.3.0\xml-path-4.3.0.jar;C:\Users\capduyvuong\.m2\repository\jakarta\xml\bind\jakarta.xml.bind-api\2.3.2\jakarta.xml.bind-api-2.3.2.jar;C:\Users\capduyvuong\.m2\repository\jakarta\activation\jakarta.activation-api\1.2.1\jakarta.activation-api-1.2.1.jar;C:\Users\capduyvuong\.m2\repository\com\sun\xml\bind\jaxb-osgi\2.3.0.1\jaxb-osgi-2.3.0.1.jar;C:\Users\capduyvuong\.m2\repository\org\apache\sling\org.apache.sling.javax.activation\0.1.0\org.apache.sling.javax.activation-0.1.0.jar;C:\Users\capduyvuong\.m2\repository\javax\activation\activation\1.1.1\activation-1.1.1.jar;C:\Users\capduyvuong\.m2\repository\org\testng\testng\6.14.3\testng-6.14.3.jar;C:\Users\capduyvuong\.m2\repository\com\beust\jcommander\1.72\jcommander-1.72.jar;C:\Users\capduyvuong\.m2\repository\org\apache-extras\beanshell\bsh\2.0b6\bsh-2.0b6.jar;C:\Users\capduyvuong\.m2\repository\org\seleniumhq\selenium\selenium-java\3.141.59\selenium-java-3.141.59.jar;C:\Users\capduyvuong\.m2\repository\org\seleniumhq\selenium\selenium-api\3.141.59\selenium-api-3.141.59.jar;C:\Users\capduyvuong\.m2\repository\org\seleniumhq\selenium\selenium-chrome-driver\3.141.59\selenium-chrome-driver-3.141.59.jar;C:\Users\capduyvuong\.m2\repository\org\seleniumhq\selenium\selenium-edge-driver\3.141.59\selenium-edge-driver-3.141.59.jar;C:\Users\capduyvuong\.m2\repository\org\seleniumhq\selenium\selenium-firefox-driver\3.141.59\selenium-firefox-driver-3.141.59.jar;C:\Users\capduyvuong\.m2\repository\org\seleniumhq\selenium\selenium-ie-driver\3.141.59\selenium-ie-driver-3.141.59.jar;C:\Users\capduyvuong\.m2\repository\org\seleniumhq\selenium\selenium-opera-driver\3.141.59\selenium-opera-driver-3.141.59.jar;C:\Users\capduyvuong\.m2\repository\org\seleniumhq\selenium\selenium-remote-driver\3.141.59\selenium-remote-driver-3.141.59.jar;C:\Users\capduyvuong\.m2\repository\org\seleniumhq\selenium\selenium-safari-driver\3.141.59\selenium-safari-driver-3.141.59.jar;C:\Users\capduyvuong\.m2\repository\org\seleniumhq\selenium\selenium-support\3.141.59\selenium-support-3.141.59.jar;C:\Users\capduyvuong\.m2\repository\net\bytebuddy\byte-buddy\1.8.15\byte-buddy-1.8.15.jar;C:\Users\capduyvuong\.m2\repository\org\apache\commons\commons-exec\1.3\commons-exec-1.3.jar;C:\Users\capduyvuong\.m2\repository\com\google\guava\guava\25.0-jre\guava-25.0-jre.jar;C:\Users\capduyvuong\.m2\repository\com\google\code\findbugs\jsr305\1.3.9\jsr305-1.3.9.jar;C:\Users\capduyvuong\.m2\repository\org\checkerframework\checker-compat-qual\2.0.0\checker-compat-qual-2.0.0.jar;C:\Users\capduyvuong\.m2\repository\com\google\errorprone\error_prone_annotations\2.1.3\error_prone_annotations-2.1.3.jar;C:\Users\capduyvuong\.m2\repository\com\google\j2objc\j2objc-annotations\1.1\j2objc-annotations-1.1.jar;C:\Users\capduyvuong\.m2\repository\org\codehaus\mojo\animal-sniffer-annotations\1.14\animal-sniffer-annotations-1.14.jar;C:\Users\capduyvuong\.m2\repository\com\squareup\okhttp3\okhttp\3.11.0\okhttp-3.11.0.jar;C:\Users\capduyvuong\.m2\repository\com\squareup\okio\okio\1.14.0\okio-1.14.0.jar;C:\Users\capduyvuong\.m2\repository\org\seleniumhq\selenium\selenium-server\3.141.59\selenium-server-3.141.59.jar;C:\Users\capduyvuong\.m2\repository\net\jcip\jcip-annotations\1.0\jcip-annotations-1.0.jar;C:\Users\capduyvuong\.m2\repository\org\seleniumhq\selenium\jetty-repacked\9.4.12.v20180830\jetty-repacked-9.4.12.v20180830.jar;C:\Users\capduyvuong\.m2\repository\javax\servlet\javax.servlet-api\3.1.0\javax.servlet-api-3.1.0.jar;C:\Users\capduyvuong\.m2\repository\org\yaml\snakeyaml\1.19\snakeyaml-1.19.jar;C:\Users\capduyvuong\.m2\repository\io\cucumber\cucumber-java\6.6.0\cucumber-java-6.6.0.jar;C:\Users\capduyvuong\.m2\repository\io\cucumber\cucumber-core\6.6.0\cucumber-core-6.6.0.jar;C:\Users\capduyvuong\.m2\repository\io\cucumber\cucumber-gherkin\6.6.0\cucumber-gherkin-6.6.0.jar;C:\Users\capduyvuong\.m2\repository\io\cucumber\cucumber-gherkin-messages\6.6.0\cucumber-gherkin-messages-6.6.0.jar;C:\Users\capduyvuong\.m2\repository\io\cucumber\messages\13.0.1\messages-13.0.1.jar;C:\Users\capduyvuong\.m2\repository\io\cucumber\tag-expressions\3.0.0\tag-expressions-3.0.0.jar;C:\Users\capduyvuong\.m2\repository\io\cucumber\cucumber-expressions\10.3.0\cucumber-expressions-10.3.0.jar;C:\Users\capduyvuong\.m2\repository\io\cucumber\datatable\3.4.0\datatable-3.4.0.jar;C:\Users\capduyvuong\.m2\repository\io\cucumber\cucumber-plugin\6.6.0\cucumber-plugin-6.6.0.jar;C:\Users\capduyvuong\.m2\repository\io\cucumber\docstring\6.6.0\docstring-6.6.0.jar;C:\Users\capduyvuong\.m2\repository\io\cucumber\html-formatter\9.0.0\html-formatter-9.0.0.jar;C:\Users\capduyvuong\.m2\repository\io\cucumber\create-meta\2.0.1\create-meta-2.0.1.jar;C:\Users\capduyvuong\.m2\repository\org\apiguardian\apiguardian-api\1.1.0\apiguardian-api-1.1.0.jar;C:\Users\capduyvuong\.m2\repository\io\cucumber\cucumber-junit\6.6.0\cucumber-junit-6.6.0.jar;C:\Users\capduyvuong\.m2\repository\junit\junit\4.13\junit-4.13.jar;C:\Users\capduyvuong\.m2\repository\org\hamcrest\hamcrest-core\1.3\hamcrest-core-1.3.jar;C:\Users\capduyvuong\.m2\repository\io\cucumber\cucumber-testng\6.6.0\cucumber-testng-6.6.0.jar;C:\Users\capduyvuong\.m2\repository\net\masterthought\cucumber-reporting\4.10.0\cucumber-reporting-4.10.0.jar;C:\Users\capduyvuong\.m2\repository\com\fasterxml\jackson\core\jackson-databind\2.9.9.3\jackson-databind-2.9.9.3.jar;C:\Users\capduyvuong\.m2\repository\com\fasterxml\jackson\core\jackson-annotations\2.9.0\jackson-annotations-2.9.0.jar;C:\Users\capduyvuong\.m2\repository\com\fasterxml\jackson\core\jackson-core\2.9.9\jackson-core-2.9.9.jar;C:\Users\capduyvuong\.m2\repository\org\apache\velocity\velocity\1.7\velocity-1.7.jar;C:\Users\capduyvuong\.m2\repository\commons-lang\commons-lang\2.4\commons-lang-2.4.jar;C:\Users\capduyvuong\.m2\repository\commons-collections\commons-collections\3.2.2\commons-collections-3.2.2.jar;C:\Users\capduyvuong\.m2\repository\velocity-tools\velocity-tools\1.4\velocity-tools-1.4.jar;C:\Users\capduyvuong\.m2\repository\joda-time\joda-time\2.10.2\joda-time-2.10.2.jar;C:\Users\capduyvuong\.m2\repository\org\apache\commons\commons-lang3\3.9\commons-lang3-3.9.jar;C:\Users\capduyvuong\.m2\repository\commons-io\commons-io\2.6\commons-io-2.6.jar;C:\Users\capduyvuong\.m2\repository\org\codehaus\plexus\plexus-utils\3.2.0\plexus-utils-3.2.0.jar;C:\Users\capduyvuong\.m2\repository\org\jsoup\jsoup\1.12.1\jsoup-1.12.1.jar;C:\Users\capduyvuong\.m2\repository\com\googlecode\owasp-java-html-sanitizer\owasp-java-html-sanitizer\20190610.1\owasp-java-html-sanitizer-20190610.1.jar;C:\Users\capduyvuong\.m2\repository\commons-configuration\commons-configuration\1.10\commons-configuration-1.10.jar;"/>
    <property name="java.vm.vendor" value="Oracle Corporation"/>
    <property name="sun.arch.data.model" value="64"/>
    <property name="user.variant" value=""/>
    <property name="java.vendor.url" value="https://openjdk.java.net/"/>
    <property name="user.timezone" value="Asia/Bangkok"/>
    <property name="suiteXmlFile" value="src\test\java\TestSuites\testng.xml"/>
    <property name="java.vm.specification.version" value="11"/>
    <property name="os.name" value="Windows 10"/>
    <property name="sun.java.launcher" value="SUN_STANDARD"/>
    <property name="user.country" value="US"/>
    <property name="sun.boot.library.path" value="C:\Program Files\Java\jdk-11.0.11\bin"/>
    <property name="sun.java.command" value="C:\Users\capduyvuong\AppData\Local\Temp\surefire16044496435961217249\surefirebooter6853945351652306917.jar C:\Users\capduyvuong\AppData\Local\Temp\surefire16044496435961217249 2021-09-06T22-39-16_321-jvmRun1 surefire5232894442947895470tmp surefire_03757004950489496288tmp"/>
    <property name="jdk.debug" value="release"/>
    <property name="surefire.test.class.path" value="C:\Users\capduyvuong\IdeaProjects\AmazonShopping\target\test-classes;C:\Users\capduyvuong\IdeaProjects\AmazonShopping\target\classes;C:\Users\capduyvuong\.m2\repository\io\rest-assured\rest-assured\4.3.0\rest-assured-4.3.0.jar;C:\Users\capduyvuong\.m2\repository\org\codehaus\groovy\groovy\3.0.2\groovy-3.0.2.jar;C:\Users\capduyvuong\.m2\repository\org\codehaus\groovy\groovy-xml\3.0.2\groovy-xml-3.0.2.jar;C:\Users\capduyvuong\.m2\repository\org\apache\httpcomponents\httpclient\4.5.3\httpclient-4.5.3.jar;C:\Users\capduyvuong\.m2\repository\org\apache\httpcomponents\httpcore\4.4.6\httpcore-4.4.6.jar;C:\Users\capduyvuong\.m2\repository\commons-logging\commons-logging\1.2\commons-logging-1.2.jar;C:\Users\capduyvuong\.m2\repository\commons-codec\commons-codec\1.9\commons-codec-1.9.jar;C:\Users\capduyvuong\.m2\repository\org\apache\httpcomponents\httpmime\4.5.3\httpmime-4.5.3.jar;C:\Users\capduyvuong\.m2\repository\org\hamcrest\hamcrest\2.1\hamcrest-2.1.jar;C:\Users\capduyvuong\.m2\repository\org\ccil\cowan\tagsoup\tagsoup\1.2.1\tagsoup-1.2.1.jar;C:\Users\capduyvuong\.m2\repository\io\rest-assured\json-path\4.3.0\json-path-4.3.0.jar;C:\Users\capduyvuong\.m2\repository\org\codehaus\groovy\groovy-json\3.0.2\groovy-json-3.0.2.jar;C:\Users\capduyvuong\.m2\repository\io\rest-assured\rest-assured-common\4.3.0\rest-assured-common-4.3.0.jar;C:\Users\capduyvuong\.m2\repository\io\rest-assured\xml-path\4.3.0\xml-path-4.3.0.jar;C:\Users\capduyvuong\.m2\repository\jakarta\xml\bind\jakarta.xml.bind-api\2.3.2\jakarta.xml.bind-api-2.3.2.jar;C:\Users\capduyvuong\.m2\repository\jakarta\activation\jakarta.activation-api\1.2.1\jakarta.activation-api-1.2.1.jar;C:\Users\capduyvuong\.m2\repository\com\sun\xml\bind\jaxb-osgi\2.3.0.1\jaxb-osgi-2.3.0.1.jar;C:\Users\capduyvuong\.m2\repository\org\apache\sling\org.apache.sling.javax.activation\0.1.0\org.apache.sling.javax.activation-0.1.0.jar;C:\Users\capduyvuong\.m2\repository\javax\activation\activation\1.1.1\activation-1.1.1.jar;C:\Users\capduyvuong\.m2\repository\org\testng\testng\6.14.3\testng-6.14.3.jar;C:\Users\capduyvuong\.m2\repository\com\beust\jcommander\1.72\jcommander-1.72.jar;C:\Users\capduyvuong\.m2\repository\org\apache-extras\beanshell\bsh\2.0b6\bsh-2.0b6.jar;C:\Users\capduyvuong\.m2\repository\org\seleniumhq\selenium\selenium-java\3.141.59\selenium-java-3.141.59.jar;C:\Users\capduyvuong\.m2\repository\org\seleniumhq\selenium\selenium-api\3.141.59\selenium-api-3.141.59.jar;C:\Users\capduyvuong\.m2\repository\org\seleniumhq\selenium\selenium-chrome-driver\3.141.59\selenium-chrome-driver-3.141.59.jar;C:\Users\capduyvuong\.m2\repository\org\seleniumhq\selenium\selenium-edge-driver\3.141.59\selenium-edge-driver-3.141.59.jar;C:\Users\capduyvuong\.m2\repository\org\seleniumhq\selenium\selenium-firefox-driver\3.141.59\selenium-firefox-driver-3.141.59.jar;C:\Users\capduyvuong\.m2\repository\org\seleniumhq\selenium\selenium-ie-driver\3.141.59\selenium-ie-driver-3.141.59.jar;C:\Users\capduyvuong\.m2\repository\org\seleniumhq\selenium\selenium-opera-driver\3.141.59\selenium-opera-driver-3.141.59.jar;C:\Users\capduyvuong\.m2\repository\org\seleniumhq\selenium\selenium-remote-driver\3.141.59\selenium-remote-driver-3.141.59.jar;C:\Users\capduyvuong\.m2\repository\org\seleniumhq\selenium\selenium-safari-driver\3.141.59\selenium-safari-driver-3.141.59.jar;C:\Users\capduyvuong\.m2\repository\org\seleniumhq\selenium\selenium-support\3.141.59\selenium-support-3.141.59.jar;C:\Users\capduyvuong\.m2\repository\net\bytebuddy\byte-buddy\1.8.15\byte-buddy-1.8.15.jar;C:\Users\capduyvuong\.m2\repository\org\apache\commons\commons-exec\1.3\commons-exec-1.3.jar;C:\Users\capduyvuong\.m2\repository\com\google\guava\guava\25.0-jre\guava-25.0-jre.jar;C:\Users\capduyvuong\.m2\repository\com\google\code\findbugs\jsr305\1.3.9\jsr305-1.3.9.jar;C:\Users\capduyvuong\.m2\repository\org\checkerframework\checker-compat-qual\2.0.0\checker-compat-qual-2.0.0.jar;C:\Users\capduyvuong\.m2\repository\com\google\errorprone\error_prone_annotations\2.1.3\error_prone_annotations-2.1.3.jar;C:\Users\capduyvuong\.m2\repository\com\google\j2objc\j2objc-annotations\1.1\j2objc-annotations-1.1.jar;C:\Users\capduyvuong\.m2\repository\org\codehaus\mojo\animal-sniffer-annotations\1.14\animal-sniffer-annotations-1.14.jar;C:\Users\capduyvuong\.m2\repository\com\squareup\okhttp3\okhttp\3.11.0\okhttp-3.11.0.jar;C:\Users\capduyvuong\.m2\repository\com\squareup\okio\okio\1.14.0\okio-1.14.0.jar;C:\Users\capduyvuong\.m2\repository\org\seleniumhq\selenium\selenium-server\3.141.59\selenium-server-3.141.59.jar;C:\Users\capduyvuong\.m2\repository\net\jcip\jcip-annotations\1.0\jcip-annotations-1.0.jar;C:\Users\capduyvuong\.m2\repository\org\seleniumhq\selenium\jetty-repacked\9.4.12.v20180830\jetty-repacked-9.4.12.v20180830.jar;C:\Users\capduyvuong\.m2\repository\javax\servlet\javax.servlet-api\3.1.0\javax.servlet-api-3.1.0.jar;C:\Users\capduyvuong\.m2\repository\org\yaml\snakeyaml\1.19\snakeyaml-1.19.jar;C:\Users\capduyvuong\.m2\repository\io\cucumber\cucumber-java\6.6.0\cucumber-java-6.6.0.jar;C:\Users\capduyvuong\.m2\repository\io\cucumber\cucumber-core\6.6.0\cucumber-core-6.6.0.jar;C:\Users\capduyvuong\.m2\repository\io\cucumber\cucumber-gherkin\6.6.0\cucumber-gherkin-6.6.0.jar;C:\Users\capduyvuong\.m2\repository\io\cucumber\cucumber-gherkin-messages\6.6.0\cucumber-gherkin-messages-6.6.0.jar;C:\Users\capduyvuong\.m2\repository\io\cucumber\messages\13.0.1\messages-13.0.1.jar;C:\Users\capduyvuong\.m2\repository\io\cucumber\tag-expressions\3.0.0\tag-expressions-3.0.0.jar;C:\Users\capduyvuong\.m2\repository\io\cucumber\cucumber-expressions\10.3.0\cucumber-expressions-10.3.0.jar;C:\Users\capduyvuong\.m2\repository\io\cucumber\datatable\3.4.0\datatable-3.4.0.jar;C:\Users\capduyvuong\.m2\repository\io\cucumber\cucumber-plugin\6.6.0\cucumber-plugin-6.6.0.jar;C:\Users\capduyvuong\.m2\repository\io\cucumber\docstring\6.6.0\docstring-6.6.0.jar;C:\Users\capduyvuong\.m2\repository\io\cucumber\html-formatter\9.0.0\html-formatter-9.0.0.jar;C:\Users\capduyvuong\.m2\repository\io\cucumber\create-meta\2.0.1\create-meta-2.0.1.jar;C:\Users\capduyvuong\.m2\repository\org\apiguardian\apiguardian-api\1.1.0\apiguardian-api-1.1.0.jar;C:\Users\capduyvuong\.m2\repository\io\cucumber\cucumber-junit\6.6.0\cucumber-junit-6.6.0.jar;C:\Users\capduyvuong\.m2\repository\junit\junit\4.13\junit-4.13.jar;C:\Users\capduyvuong\.m2\repository\org\hamcrest\hamcrest-core\1.3\hamcrest-core-1.3.jar;C:\Users\capduyvuong\.m2\repository\io\cucumber\cucumber-testng\6.6.0\cucumber-testng-6.6.0.jar;C:\Users\capduyvuong\.m2\repository\net\masterthought\cucumber-reporting\4.10.0\cucumber-reporting-4.10.0.jar;C:\Users\capduyvuong\.m2\repository\com\fasterxml\jackson\core\jackson-databind\2.9.9.3\jackson-databind-2.9.9.3.jar;C:\Users\capduyvuong\.m2\repository\com\fasterxml\jackson\core\jackson-annotations\2.9.0\jackson-annotations-2.9.0.jar;C:\Users\capduyvuong\.m2\repository\com\fasterxml\jackson\core\jackson-core\2.9.9\jackson-core-2.9.9.jar;C:\Users\capduyvuong\.m2\repository\org\apache\velocity\velocity\1.7\velocity-1.7.jar;C:\Users\capduyvuong\.m2\repository\commons-lang\commons-lang\2.4\commons-lang-2.4.jar;C:\Users\capduyvuong\.m2\repository\commons-collections\commons-collections\3.2.2\commons-collections-3.2.2.jar;C:\Users\capduyvuong\.m2\repository\velocity-tools\velocity-tools\1.4\velocity-tools-1.4.jar;C:\Users\capduyvuong\.m2\repository\joda-time\joda-time\2.10.2\joda-time-2.10.2.jar;C:\Users\capduyvuong\.m2\repository\org\apache\commons\commons-lang3\3.9\commons-lang3-3.9.jar;C:\Users\capduyvuong\.m2\repository\commons-io\commons-io\2.6\commons-io-2.6.jar;C:\Users\capduyvuong\.m2\repository\org\codehaus\plexus\plexus-utils\3.2.0\plexus-utils-3.2.0.jar;C:\Users\capduyvuong\.m2\repository\org\jsoup\jsoup\1.12.1\jsoup-1.12.1.jar;C:\Users\capduyvuong\.m2\repository\com\googlecode\owasp-java-html-sanitizer\owasp-java-html-sanitizer\20190610.1\owasp-java-html-sanitizer-20190610.1.jar;C:\Users\capduyvuong\.m2\repository\commons-configuration\commons-configuration\1.10\commons-configuration-1.10.jar;"/>
    <property name="sun.cpu.endian" value="little"/>
    <property name="user.home" value="C:\Users\capduyvuong"/>
    <property name="user.language" value="en"/>
    <property name="java.specification.vendor" value="Oracle Corporation"/>
    <property name="java.version.date" value="2021-04-20"/>
    <property name="java.home" value="C:\Program Files\Java\jdk-11.0.11"/>
    <property name="file.separator" value="\"/>
    <property name="basedir" value="C:\Users\capduyvuong\IdeaProjects\AmazonShopping"/>
    <property name="java.vm.compressedOopsMode" value="Zero based"/>
    <property name="line.separator" value="&#10;"/>
    <property name="java.specification.name" value="Java Platform API Specification"/>
    <property name="java.vm.specification.vendor" value="Oracle Corporation"/>
    <property name="java.awt.graphicsenv" value="sun.awt.Win32GraphicsEnvironment"/>
    <property name="surefire.real.class.path" value="C:\Users\capduyvuong\AppData\Local\Temp\surefire16044496435961217249\surefirebooter6853945351652306917.jar"/>
    <property name="user.script" value=""/>
    <property name="sun.management.compiler" value="HotSpot 64-Bit Tiered Compilers"/>
    <property name="java.runtime.version" value="11.0.11+9-LTS-194"/>
    <property name="user.name" value="capduyvuong"/>
    <property name="path.separator" value=";"/>
    <property name="os.version" value="10.0"/>
    <property name="java.runtime.name" value="Java(TM) SE Runtime Environment"/>
    <property name="file.encoding" value="Cp1252"/>
    <property name="java.vm.name" value="Java HotSpot(TM) 64-Bit Server VM"/>
    <property name="java.vendor.version" value="18.9"/>
    <property name="localRepository" value="C:\Users\capduyvuong\.m2\repository"/>
    <property name="java.vendor.url.bug" value="https://bugreport.java.com/bugreport/"/>
    <property name="java.io.tmpdir" value="C:\Users\CAPDUY~1\AppData\Local\Temp\"/>
    <property name="java.version" value="11.0.11"/>
    <property name="user.dir" value="C:\Users\capduyvuong\IdeaProjects\AmazonShopping"/>
    <property name="os.arch" value="amd64"/>
    <property name="webdriver.gecko.driver" value="C:\Users\capduyvuong\IdeaProjects\AmazonShopping/src/resources/drivers/windows/geckodriver.exe"/>
    <property name="java.vm.specification.name" value="Java Virtual Machine Specification"/>
    <property name="java.awt.printerjob" value="sun.awt.windows.WPrinterJob"/>
    <property name="sun.os.patch.level" value=""/>
    <property name="java.library.path" value="C:\Program Files\Java\jdk-11.0.11\bin;C:\Windows\Sun\Java\bin;C:\Windows\system32;C:\Windows;C:\Program Files\Common Files\Oracle\Java\javapath;C:\Python39\Scripts\;C:\Python39\;C:\Program Files (x86)\Common Files\Oracle\Java\javapath;C:\Windows\system32;C:\Windows;C:\Windows\System32\Wbem;C:\Windows\System32\WindowsPowerShell\v1.0\;C:\Windows\System32\OpenSSH\;C:\Program Files\apache-maven-3.8.1\bin\bin;C:\Program Files\Git\cmd;C:\Program Files\Java\jdk-11.0.11\bin;C:\Program Files\nodejs\;C:\ProgramData\chocolatey\bin;C:\Program Files\PuTTY\;C:\Program Files\Docker\Docker\resources\bin;C:\ProgramData\DockerDesktop\version-bin;C:\Python39\Scripts;C:\Program Files\apache-maven-3.8.1\bin;C:\Users\capduyvuong\AppData\Local\Microsoft\WindowsApps;C:\Users\capduyvuong\AppData\Local\Android\Sdk\platform-tools;C:\Users\capduyvuong\AppData\Local\Programs\Microsoft VS Code\bin;C:\Users\capduyvuong\AppData\Roaming\npm;C:\Program Files\TestProject Agent;C:\Program Files (x86)\BrowserStackLocal\;C:\Users\capduyvuong\AppData\Local\GitHubDesktop\bin;C:\Users\capduyvuong\Downloads\Software\apache-maven-3.8.1\bin;;."/>
    <property name="java.vendor" value="Oracle Corporation"/>
    <property name="java.vm.info" value="mixed mode"/>
    <property name="java.vm.version" value="11.0.11+9-LTS-194"/>
    <property name="sun.io.unicode.encoding" value="UnicodeLittle"/>
    <property name="java.class.version" value="55.0"/>
  </properties>
  <testcase name="runScenario[&quot;User goes to Amazon Australia site and process shopping products&quot;, &quot;Optional[Shopping on Amazon Australia]&quot;](1)" classname="cucumberRunner.amazonShoppingRunner" time="47.709">
    <system-out><![CDATA[Mon Sep 06 22:39:20 ICT 2021 | Thread : 1 | Amazon Shopping : Init Test
Mon Sep 06 22:39:20 ICT 2021 | Thread : 1 | Amazon Shopping : Global environment : pro
---------------------------------------------------------------
Mon Sep 06 22:39:22 ICT 2021 | Thread : 1 | Amazon Shopping : &amp#27;[0;33mNavigate to https://www.amazon.com.au/&amp#27;[0m

Scenario: User goes to Amazon Australia site and process shopping products           # src/test/feature/amazonShopping.feature:2
  Given I am on Amazon Australia site                                                # stepDefinition.openBrowserStep.iAmOnAmazonAustraliaSite()
Mon Sep 06 22:39:26 ICT 2021 | Thread : 23 | Amazon Shopping : &amp#27;[0;33mElement that you're waiting for :  is clickable !&amp#27;[0m
  When I go to Home menu                                                             # stepDefinition.homePageSteps.iGoToHomeMenu()
Mon Sep 06 22:39:29 ICT 2021 | Thread : 23 | Amazon Shopping : &amp#27;[0;33mElement that you're waiting for :  is clickable !&amp#27;[0m
  And I go to deal tab                                                               # stepDefinition.homePageSteps.iGoToDealTab()
Mon Sep 06 22:39:32 ICT 2021 | Thread : 23 | Amazon Shopping : &amp#27;[0;33mElement that you're waiting for :  is clickable !&amp#27;[0m
  And I sort the Deals on Home Products by â€œDiscount: High to Lowâ€�                   # stepDefinition.homePageSteps.iSortTheDealsOnHomeProductsByDiscountHighToLow()
Mon Sep 06 22:39:33 ICT 2021 | Thread : 23 | Amazon Shopping : &amp#27;[0;33mElement that you're waiting for : 100 8cf77936-announce is clickable !&amp#27;[0m
  And I view Deal for second item                                                    # stepDefinition.homePageSteps.iViewDealForSecondItem()
Mon Sep 06 22:39:35 ICT 2021 | Thread : 23 | Amazon Shopping : &amp#27;[0;33mElement that you're waiting for :  is clickable !&amp#27;[0m
  And I click the link "click here to see current deals."                            # stepDefinition.homePageSteps.iClickTheLink(java.lang.String)
Mon Sep 06 22:39:37 ICT 2021 | Thread : 23 | Amazon Shopping : &amp#27;[0;33mElement that you're waiting for :  is visible !&amp#27;[0m
  Then I should be on Today's Deals                                                  # stepDefinition.homePageSteps.iShouldBeOnTodaySDeals()
Mon Sep 06 22:39:38 ICT 2021 | Thread : 23 | Amazon Shopping : &amp#27;[0;33mElement that you're waiting for :  is clickable !&amp#27;[0m
  When I sort the Today's Deals by â€œDiscount: High to Lowâ€�                           # stepDefinition.homePageSteps.i_sort_the_deals_on_home_products_by_discount_high_to_low()
Mon Sep 06 22:39:40 ICT 2021 | Thread : 23 | Amazon Shopping : &amp#27;[0;33mElement that you're waiting for :  is clickable !&amp#27;[0m
  And I click View second item                                                       # stepDefinition.homePageSteps.iClickViewSecondItem()
Mon Sep 06 22:39:45 ICT 2021 | Thread : 23 | Amazon Shopping : &amp#27;[0;33mElement that you're waiting for : quantity is clickable !&amp#27;[0m
Mon Sep 06 22:39:46 ICT 2021 | Thread : 23 | Amazon Shopping : &amp#27;[0;33mElement that you're waiting for : add-to-cart-button is clickable !&amp#27;[0m
  And I add 5 items into the cart                                                    # stepDefinition.homePageSteps.iAddItemsIntoTheCart(int)
Mon Sep 06 22:39:48 ICT 2021 | Thread : 23 | Amazon Shopping : &amp#27;[0;33mElement that you're waiting for : nav-logo-sprites is clickable !&amp#27;[0m
  And I go back to Home page                                                         # stepDefinition.homePageSteps.iGoBackToHomePage()
Mon Sep 06 22:39:49 ICT 2021 | Thread : 23 | Amazon Shopping : &amp#27;[0;33mElement that you're waiting for : twotabsearchtextbox is visible !&amp#27;[0m
Mon Sep 06 22:39:50 ICT 2021 | Thread : 23 | Amazon Shopping : &amp#27;[0;33mElement that you're waiting for : nav-search-submit-button is clickable !&amp#27;[0m
  And I search for "AAA Batteries"                                                   # stepDefinition.homePageSteps.iSearchForText(java.lang.String)
Mon Sep 06 22:39:53 ICT 2021 | Thread : 23 | Amazon Shopping : &amp#27;[0;33mElement that you're waiting for : a-autoid-0-announce is clickable !&amp#27;[0m
  And I sort the items by â€œNewest Arrivalsâ€�                                          # stepDefinition.homePageSteps.iSortTheItemsByNewestArrivals()
Mon Sep 06 22:39:55 ICT 2021 | Thread : 23 | Amazon Shopping : &amp#27;[0;33mElement that you're waiting for :  is clickable !&amp#27;[0m
  And I click on Newest Arrivals item                                                # stepDefinition.homePageSteps.iClickOnNewestArrivalsItem()
Mon Sep 06 22:39:59 ICT 2021 | Thread : 23 | Amazon Shopping : &amp#27;[0;33mElement that you're waiting for : quantity is clickable !&amp#27;[0m
Mon Sep 06 22:39:59 ICT 2021 | Thread : 23 | Amazon Shopping : &amp#27;[0;33mElement that you're waiting for : add-to-cart-button is clickable !&amp#27;[0m
  And I add 2 items into the cart                                                    # stepDefinition.homePageSteps.iAddItemsIntoTheCart(int)
Mon Sep 06 22:40:02 ICT 2021 | Thread : 23 | Amazon Shopping : &amp#27;[0;33mElement that you're waiting for : nav-cart-count is clickable !&amp#27;[0m
  And I go to shopping cart                                                          # stepDefinition.homePageSteps.iGoToShoppingCart()
Mon Sep 06 22:40:03 ICT 2021 | Thread : 23 | Amazon Shopping : &amp#27;[0;33mElement that you're waiting for :  is visible !&amp#27;[0m
Mon Sep 06 22:40:04 ICT 2021 | Thread : 23 | Amazon Shopping : &amp#27;[0;33mElement that you're waiting for :  is visible !&amp#27;[0m
  Then I should see quantities of first item is 5 and second item is 2               # stepDefinition.shoppingCartPageSteps.iShouldSeeQuantitiesOfItemsCorrect(int,int)
Mon Sep 06 22:40:04 ICT 2021 | Thread : 23 | Amazon Shopping : &amp#27;[0;33mElement that you're waiting for :  is visible !&amp#27;[0m
  Then I should see prices of individual items is displayed                          # stepDefinition.shoppingCartPageSteps.iShouldSeePricesOfIndividualItemsIsDisplayed()
Mon Sep 06 22:40:04 ICT 2021 | Thread : 23 | Amazon Shopping : &amp#27;[0;33mElement that you're waiting for :  is visible !&amp#27;[0m
18.84
49.95
194.1
  Then I see total prices of 5 first item and 2 second item are calculated correctly # stepDefinition.shoppingCartPageSteps.iSeeTotalPricesOfFirstItemAndSecondItemAreCalculatedCorrectly(int,int)
  And I edit the first item quantity to 3                                            # stepDefinition.shoppingCartPageSteps.iEditTheFirstItemQuantityTo(int)
  And I edit the second item quantity to 1                                           # stepDefinition.shoppingCartPageSteps.iEditTheSecondItemQuantityTo(int)
Mon Sep 06 22:40:06 ICT 2021 | Thread : 23 | Amazon Shopping : &amp#27;[0;33mElement that you're waiting for :  is clickable !&amp#27;[0m
  And I delete the first item                                                        # stepDefinition.shoppingCartPageSteps.iDeleteTheFirstItem()
Mon Sep 06 22:40:06 ICT 2021 | Thread : 23 | Amazon Shopping : &amp#27;[0;33mElement that you're waiting for :  is clickable !&amp#27;[0m
Mon Sep 06 22:40:06 ICT 2021 | Thread : 23 | Amazon Shopping : &amp#27;[0;33mElement that you're waiting for :  is clickable !&amp#27;[0m
  And I click â€œProceed to Checkoutâ€�                                                  # stepDefinition.shoppingCartPageSteps.i_click_proceed_to_checkout()
Mon Sep 06 22:40:13 ICT 2021 | Thread : 23 | Amazon Shopping : &amp#27;[0;33mElement that you're waiting for : ap_email is visible !&amp#27;[0m
  Then I have been navigated to Sign-In screen                                       # stepDefinition.signInPageSteps.iHaveBeenNavigatedToSignInScreen()
]]></system-out>
    <system-err><![CDATA[Starting ChromeDriver 92.0.4515.107 (87a818b10553a07434ea9e2b6dccf3cbe7895134-refs/branch-heads/4515@{#1634}) on port 4335
Only local connections are allowed.
Please see https://chromedriver.chromium.org/security-considerations for suggestions on keeping ChromeDriver safe.
ChromeDriver was started successfully.
Sep 06, 2021 10:39:22 PM org.openqa.selenium.remote.ProtocolHandshake createSession
INFO: Detected dialect: W3C
]]></system-err>
  </testcase>
</testsuite>