<?xml version="1.0" encoding="UTF-8"?>
<!-- Generated by org.testng.reporters.JUnitReportReporter -->
<testsuite hostname="VUI-20-149L4M" failures="0" tests="1" name="cucumberRunner.amazonShoppingRunner" time="47.256" errors="0" timestamp="06 Sep 2021 15:40:15 GMT" skipped="0">
  <testcase classname="cucumberRunner.amazonShoppingRunner" name="runScenario" time="47.256"/>
</testsuite> <!-- cucumberRunner.amazonShoppingRunner -->
